<?xml version="1.0" encoding="UTF-8"?>
<!-- Generated by org.testng.reporters.JUnitXMLReporter -->
<testsuite ignored="3" hostname="TYSS-Sumanth" failures="0" tests="1" name="Test" time="11.671" errors="0" timestamp="2023-01-20T16:59:33 IST">
  <testcase classname="bikes.TC_Bikes_013_Test" name="kawasaki" time="11.641"/>
  <testcase classname="bikes.TC_Bikes_010_Test" name="triumph" time="0.0">
    <ignored/>
  </testcase> <!-- triumph -->
  <testcase classname="bikes.TC_Bikes_011_Test" name="harleyDavidson" time="0.0">
    <ignored/>
  </testcase> <!-- harleyDavidson -->
  <testcase classname="bikes.TC_Bikes_012_Test" name="ducati" time="0.0">
    <ignored/>
  </testcase> <!-- ducati -->
</testsuite> <!-- Test -->
